[INFO]	2022-02-04 17:28:30.980	App	Start service
[INFO]	2022-02-04 17:28:50.630	App	Start service
[DEBUG]	2022-02-04 17:42:08.516	ControlServer	Client mmptxuklgr ask server status...
[DEBUG]	2022-02-04 17:42:29.087	ControlServer	Client mmptxuklgr ask server status...
[INFO]	2022-02-04 17:52:50	App	Start service
[INFO]	2022-02-04 17:53:33.402	App	Start service
[DEBUG]	2022-02-04 17:54:01.710	ControlServer	Client mmptxuklgr ask server status...
[INFO]	2022-02-04 17:54:04.144	ControlClient	Add new client. ClientKey:kjwistuqyr
[DEBUG]	2022-02-04 17:54:05.426	ControlServer	Client kjwistuqyr ask server status...
[DEBUG]	2022-02-04 17:54:05.436	ControlCalculate	Client:kjwistuqyr get task:{"sceneKey":"cgsmtstqcbwyajyyuivi","frame":0,"line":0}
[DEBUG]	2022-02-04 17:54:06.292	ControlCalculate	Client:kjwistuqyr post resultat
[DEBUG]	2022-02-04 17:54:06.307	ControlCalculate	Client:kjwistuqyr get task:{"sceneKey":"cgsmtstqcbwyajyyuivi","frame":0,"line":1}
[DEBUG]	2022-02-04 17:54:06.541	ControlCalculate	Client:kjwistuqyr post resultat
[DEBUG]	2022-02-04 17:54:06.557	ControlCalculate	Client:kjwistuqyr get task:{"sceneKey":"cgsmtstqcbwyajyyuivi","frame":0,"line":2}
[DEBUG]	2022-02-04 17:54:06.740	ControlCalculate	Client:kjwistuqyr post resultat
[DEBUG]	2022-02-04 17:54:06.758	ControlCalculate	Client:kjwistuqyr get task:{"sceneKey":"cgsmtstqcbwyajyyuivi","frame":0,"line":3}
[DEBUG]	2022-02-04 17:54:06.925	ControlCalculate	Client:kjwistuqyr post resultat
[DEBUG]	2022-02-04 17:54:06.940	ControlCalculate	Client:kjwistuqyr get task:{"sceneKey":"cgsmtstqcbwyajyyuivi","frame":0,"line":4}
[DEBUG]	2022-02-04 17:54:07.073	ControlCalculate	Client:kjwistuqyr post resultat
[DEBUG]	2022-02-04 17:54:07.090	ControlCalculate	Client:kjwistuqyr get task:{"sceneKey":"cgsmtstqcbwyajyyuivi","frame":0,"line":5}
[DEBUG]	2022-02-04 17:54:07.207	ControlCalculate	Client:kjwistuqyr post resultat
[DEBUG]	2022-02-04 17:54:07.221	ControlCalculate	Client:kjwistuqyr get task:{"sceneKey":"cgsmtstqcbwyajyyuivi","frame":0,"line":6}
[DEBUG]	2022-02-04 17:54:07.326	ControlCalculate	Client:kjwistuqyr post resultat
[DEBUG]	2022-02-04 17:54:07.356	ControlCalculate	Client:kjwistuqyr get task:{"sceneKey":"cgsmtstqcbwyajyyuivi","frame":0,"line":7}
[DEBUG]	2022-02-04 17:54:07.478	ControlCalculate	Client:kjwistuqyr post resultat
[DEBUG]	2022-02-04 17:54:07.506	ControlCalculate	Client:kjwistuqyr get task:{"sceneKey":"cgsmtstqcbwyajyyuivi","frame":0,"line":8}
[DEBUG]	2022-02-04 17:54:07.592	ControlCalculate	Client:kjwistuqyr post resultat
[DEBUG]	2022-02-04 17:54:07.606	ControlCalculate	Client:kjwistuqyr get task:{"sceneKey":"cgsmtstqcbwyajyyuivi","frame":0,"line":9}
[DEBUG]	2022-02-04 17:54:07.690	ControlCalculate	Client:kjwistuqyr post resultat
[DEBUG]	2022-02-04 17:54:07.707	ControlCalculate	Client:kjwistuqyr get task:{"sceneKey":"cgsmtstqcbwyajyyuivi","frame":0,"line":10}
[DEBUG]	2022-02-04 17:54:07.796	ControlCalculate	Client:kjwistuqyr post resultat
[DEBUG]	2022-02-04 17:54:07.823	ControlCalculate	Client:kjwistuqyr get task:{"sceneKey":"cgsmtstqcbwyajyyuivi","frame":0,"line":11}
[DEBUG]	2022-02-04 17:54:07.905	ControlCalculate	Client:kjwistuqyr post resultat
[DEBUG]	2022-02-04 17:54:07.921	ControlCalculate	Client:kjwistuqyr get task:{"sceneKey":"cgsmtstqcbwyajyyuivi","frame":0,"line":12}
[DEBUG]	2022-02-04 17:54:07.989	ControlCalculate	Client:kjwistuqyr post resultat
[DEBUG]	2022-02-04 17:54:08.006	ControlCalculate	Client:kjwistuqyr get task:{"sceneKey":"cgsmtstqcbwyajyyuivi","frame":0,"line":13}
[DEBUG]	2022-02-04 17:54:08.073	ControlCalculate	Client:kjwistuqyr post resultat
[DEBUG]	2022-02-04 17:54:08.088	ControlCalculate	Client:kjwistuqyr get task:{"sceneKey":"cgsmtstqcbwyajyyuivi","frame":0,"line":14}
[DEBUG]	2022-02-04 17:54:08.157	ControlCalculate	Client:kjwistuqyr post resultat
[DEBUG]	2022-02-04 17:54:08.171	ControlCalculate	Client:kjwistuqyr get task:{"sceneKey":"cgsmtstqcbwyajyyuivi","frame":0,"line":15}
[DEBUG]	2022-02-04 17:54:08.239	ControlCalculate	Client:kjwistuqyr post resultat
[DEBUG]	2022-02-04 17:54:08.256	ControlCalculate	Client:kjwistuqyr get task:{"sceneKey":"cgsmtstqcbwyajyyuivi","frame":0,"line":16}
[DEBUG]	2022-02-04 17:54:08.321	ControlCalculate	Client:kjwistuqyr post resultat
[DEBUG]	2022-02-04 17:54:08.337	ControlCalculate	Client:kjwistuqyr get task:{"sceneKey":"cgsmtstqcbwyajyyuivi","frame":0,"line":17}
[DEBUG]	2022-02-04 17:54:08.407	ControlCalculate	Client:kjwistuqyr post resultat
[DEBUG]	2022-02-04 17:54:08.422	ControlCalculate	Client:kjwistuqyr get task:{"sceneKey":"cgsmtstqcbwyajyyuivi","frame":0,"line":18}
[DEBUG]	2022-02-04 17:54:08.472	ControlCalculate	Client:kjwistuqyr post resultat
[DEBUG]	2022-02-04 17:54:08.487	ControlCalculate	Client:kjwistuqyr get task:{"sceneKey":"cgsmtstqcbwyajyyuivi","frame":0,"line":19}
[DEBUG]	2022-02-04 17:54:08.539	ControlCalculate	Client:kjwistuqyr post resultat
[DEBUG]	2022-02-04 17:54:08.555	ControlCalculate	Client:kjwistuqyr get task:{"sceneKey":"cgsmtstqcbwyajyyuivi","frame":0,"line":20}
[DEBUG]	2022-02-04 17:54:08.606	ControlCalculate	Client:kjwistuqyr post resultat
[DEBUG]	2022-02-04 17:54:08.620	ControlCalculate	Client:kjwistuqyr get task:{"sceneKey":"cgsmtstqcbwyajyyuivi","frame":0,"line":21}
[DEBUG]	2022-02-04 17:54:08.672	ControlCalculate	Client:kjwistuqyr post resultat
[DEBUG]	2022-02-04 17:54:08.687	ControlCalculate	Client:kjwistuqyr get task:{"sceneKey":"cgsmtstqcbwyajyyuivi","frame":0,"line":22}
[DEBUG]	2022-02-04 17:54:08.739	ControlCalculate	Client:kjwistuqyr post resultat
[DEBUG]	2022-02-04 17:54:08.755	ControlCalculate	Client:kjwistuqyr get task:{"sceneKey":"cgsmtstqcbwyajyyuivi","frame":0,"line":23}
[DEBUG]	2022-02-04 17:54:08.806	ControlCalculate	Client:kjwistuqyr post resultat
[DEBUG]	2022-02-04 17:54:08.821	ControlCalculate	Client:kjwistuqyr get task:{"sceneKey":"cgsmtstqcbwyajyyuivi","frame":0,"line":24}
[DEBUG]	2022-02-04 17:54:08.871	ControlCalculate	Client:kjwistuqyr post resultat
[DEBUG]	2022-02-04 17:54:08.887	ControlCalculate	Client:kjwistuqyr get task:{"sceneKey":"cgsmtstqcbwyajyyuivi","frame":0,"line":25}
[DEBUG]	2022-02-04 17:54:08.939	ControlCalculate	Client:kjwistuqyr post resultat
[DEBUG]	2022-02-04 17:54:08.955	ControlCalculate	Client:kjwistuqyr get task:{"sceneKey":"cgsmtstqcbwyajyyuivi","frame":0,"line":26}
[DEBUG]	2022-02-04 17:54:09.008	ControlCalculate	Client:kjwistuqyr post resultat
[DEBUG]	2022-02-04 17:54:09.021	ControlCalculate	Client:kjwistuqyr get task:{"sceneKey":"cgsmtstqcbwyajyyuivi","frame":0,"line":27}
[DEBUG]	2022-02-04 17:54:09.071	ControlCalculate	Client:kjwistuqyr post resultat
[DEBUG]	2022-02-04 17:54:09.087	ControlCalculate	Client:kjwistuqyr get task:{"sceneKey":"cgsmtstqcbwyajyyuivi","frame":0,"line":28}
[DEBUG]	2022-02-04 17:54:09.139	ControlCalculate	Client:kjwistuqyr post resultat
[DEBUG]	2022-02-04 17:54:09.155	ControlCalculate	Client:kjwistuqyr get task:{"sceneKey":"cgsmtstqcbwyajyyuivi","frame":0,"line":29}
[DEBUG]	2022-02-04 17:54:09.206	ControlCalculate	Client:kjwistuqyr post resultat
[DEBUG]	2022-02-04 17:54:09.223	ControlCalculate	Client:kjwistuqyr get task:{"sceneKey":"cgsmtstqcbwyajyyuivi","frame":0,"line":30}
[DEBUG]	2022-02-04 17:54:09.271	ControlCalculate	Client:kjwistuqyr post resultat
[DEBUG]	2022-02-04 17:54:09.288	ControlCalculate	Client:kjwistuqyr get task:{"sceneKey":"cgsmtstqcbwyajyyuivi","frame":0,"line":31}
[DEBUG]	2022-02-04 17:54:09.386	ControlCalculate	Client:kjwistuqyr post resultat
[DEBUG]	2022-02-04 17:54:09.407	ControlCalculate	Client:kjwistuqyr get task:{"sceneKey":"cgsmtstqcbwyajyyuivi","frame":0,"line":32}
[DEBUG]	2022-02-04 17:54:09.457	ControlCalculate	Client:kjwistuqyr post resultat
[DEBUG]	2022-02-04 17:54:09.472	ControlCalculate	Client:kjwistuqyr get task:{"sceneKey":"cgsmtstqcbwyajyyuivi","frame":0,"line":33}
[DEBUG]	2022-02-04 17:54:09.508	ControlCalculate	Client:kjwistuqyr post resultat
[DEBUG]	2022-02-04 17:54:09.521	ControlCalculate	Client:kjwistuqyr get task:{"sceneKey":"cgsmtstqcbwyajyyuivi","frame":0,"line":34}
[DEBUG]	2022-02-04 17:54:09.557	ControlCalculate	Client:kjwistuqyr post resultat
[DEBUG]	2022-02-04 17:54:09.571	ControlCalculate	Client:kjwistuqyr get task:{"sceneKey":"cgsmtstqcbwyajyyuivi","frame":0,"line":35}
[DEBUG]	2022-02-04 17:54:09.607	ControlCalculate	Client:kjwistuqyr post resultat
[DEBUG]	2022-02-04 17:54:09.620	ControlCalculate	Client:kjwistuqyr get task:{"sceneKey":"cgsmtstqcbwyajyyuivi","frame":0,"line":36}
[DEBUG]	2022-02-04 17:54:09.658	ControlCalculate	Client:kjwistuqyr post resultat
[DEBUG]	2022-02-04 17:54:09.671	ControlCalculate	Client:kjwistuqyr get task:{"sceneKey":"cgsmtstqcbwyajyyuivi","frame":0,"line":37}
[DEBUG]	2022-02-04 17:54:09.708	ControlCalculate	Client:kjwistuqyr post resultat
[DEBUG]	2022-02-04 17:54:09.721	ControlCalculate	Client:kjwistuqyr get task:{"sceneKey":"cgsmtstqcbwyajyyuivi","frame":0,"line":38}
[DEBUG]	2022-02-04 17:54:09.756	ControlCalculate	Client:kjwistuqyr post resultat
[DEBUG]	2022-02-04 17:54:09.771	ControlCalculate	Client:kjwistuqyr get task:{"sceneKey":"cgsmtstqcbwyajyyuivi","frame":0,"line":39}
[DEBUG]	2022-02-04 17:54:09.807	ControlCalculate	Client:kjwistuqyr post resultat
[DEBUG]	2022-02-04 17:54:09.822	ControlCalculate	Client:kjwistuqyr get task:{"sceneKey":"cgsmtstqcbwyajyyuivi","frame":0,"line":40}
[DEBUG]	2022-02-04 17:54:09.858	ControlCalculate	Client:kjwistuqyr post resultat
[DEBUG]	2022-02-04 17:54:09.872	ControlCalculate	Client:kjwistuqyr get task:{"sceneKey":"cgsmtstqcbwyajyyuivi","frame":0,"line":41}
[DEBUG]	2022-02-04 17:54:09.908	ControlCalculate	Client:kjwistuqyr post resultat
[DEBUG]	2022-02-04 17:54:09.922	ControlCalculate	Client:kjwistuqyr get task:{"sceneKey":"cgsmtstqcbwyajyyuivi","frame":0,"line":42}
[DEBUG]	2022-02-04 17:54:09.957	ControlCalculate	Client:kjwistuqyr post resultat
[DEBUG]	2022-02-04 17:54:09.971	ControlCalculate	Client:kjwistuqyr get task:{"sceneKey":"cgsmtstqcbwyajyyuivi","frame":0,"line":43}
[DEBUG]	2022-02-04 17:54:10.007	ControlCalculate	Client:kjwistuqyr post resultat
[DEBUG]	2022-02-04 17:54:10.021	ControlCalculate	Client:kjwistuqyr get task:{"sceneKey":"cgsmtstqcbwyajyyuivi","frame":0,"line":44}
[DEBUG]	2022-02-04 17:54:10.058	ControlCalculate	Client:kjwistuqyr post resultat
[DEBUG]	2022-02-04 17:54:10.072	ControlCalculate	Client:kjwistuqyr get task:{"sceneKey":"cgsmtstqcbwyajyyuivi","frame":0,"line":45}
[DEBUG]	2022-02-04 17:54:10.108	ControlCalculate	Client:kjwistuqyr post resultat
[DEBUG]	2022-02-04 17:54:10.122	ControlCalculate	Client:kjwistuqyr get task:{"sceneKey":"cgsmtstqcbwyajyyuivi","frame":0,"line":46}
[DEBUG]	2022-02-04 17:54:10.156	ControlCalculate	Client:kjwistuqyr post resultat
[DEBUG]	2022-02-04 17:54:10.170	ControlCalculate	Client:kjwistuqyr get task:{"sceneKey":"cgsmtstqcbwyajyyuivi","frame":0,"line":47}
[DEBUG]	2022-02-04 17:54:10.207	ControlCalculate	Client:kjwistuqyr post resultat
[DEBUG]	2022-02-04 17:54:10.221	ControlCalculate	Client:kjwistuqyr get task:{"sceneKey":"cgsmtstqcbwyajyyuivi","frame":0,"line":48}
[DEBUG]	2022-02-04 17:54:10.256	ControlCalculate	Client:kjwistuqyr post resultat
[DEBUG]	2022-02-04 17:54:10.271	ControlCalculate	Client:kjwistuqyr get task:{"sceneKey":"cgsmtstqcbwyajyyuivi","frame":0,"line":49}
[DEBUG]	2022-02-04 17:54:10.307	ControlCalculate	Client:kjwistuqyr post resultat
[DEBUG]	2022-02-04 17:54:10.322	ControlCalculate	Client:kjwistuqyr get task:{"sceneKey":"cgsmtstqcbwyajyyuivi","frame":0,"line":50}
[DEBUG]	2022-02-04 17:54:10.357	ControlCalculate	Client:kjwistuqyr post resultat
[DEBUG]	2022-02-04 17:54:10.371	ControlCalculate	Client:kjwistuqyr get task:{"sceneKey":"cgsmtstqcbwyajyyuivi","frame":0,"line":51}
[DEBUG]	2022-02-04 17:54:10.405	ControlCalculate	Client:kjwistuqyr post resultat
[DEBUG]	2022-02-04 17:54:10.422	ControlCalculate	Client:kjwistuqyr get task:{"sceneKey":"cgsmtstqcbwyajyyuivi","frame":0,"line":52}
[DEBUG]	2022-02-04 17:54:10.455	ControlCalculate	Client:kjwistuqyr post resultat
[DEBUG]	2022-02-04 17:54:10.470	ControlCalculate	Client:kjwistuqyr get task:{"sceneKey":"cgsmtstqcbwyajyyuivi","frame":0,"line":53}
[DEBUG]	2022-02-04 17:54:10.507	ControlCalculate	Client:kjwistuqyr post resultat
[DEBUG]	2022-02-04 17:54:10.521	ControlCalculate	Client:kjwistuqyr get task:{"sceneKey":"cgsmtstqcbwyajyyuivi","frame":0,"line":54}
[DEBUG]	2022-02-04 17:54:10.557	ControlCalculate	Client:kjwistuqyr post resultat
[DEBUG]	2022-02-04 17:54:10.573	ControlCalculate	Client:kjwistuqyr get task:{"sceneKey":"cgsmtstqcbwyajyyuivi","frame":0,"line":55}
[DEBUG]	2022-02-04 17:54:10.619	ControlCalculate	Client:kjwistuqyr post resultat
[DEBUG]	2022-02-04 17:54:10.638	ControlCalculate	Client:kjwistuqyr get task:{"sceneKey":"cgsmtstqcbwyajyyuivi","frame":0,"line":56}
[DEBUG]	2022-02-04 17:54:10.672	ControlCalculate	Client:kjwistuqyr post resultat
[DEBUG]	2022-02-04 17:54:10.687	ControlCalculate	Client:kjwistuqyr get task:{"sceneKey":"cgsmtstqcbwyajyyuivi","frame":0,"line":57}
[DEBUG]	2022-02-04 17:54:10.722	ControlCalculate	Client:kjwistuqyr post resultat
[DEBUG]	2022-02-04 17:54:10.738	ControlCalculate	Client:kjwistuqyr get task:{"sceneKey":"cgsmtstqcbwyajyyuivi","frame":0,"line":58}
[DEBUG]	2022-02-04 17:54:10.773	ControlCalculate	Client:kjwistuqyr post resultat
[DEBUG]	2022-02-04 17:54:10.789	ControlCalculate	Client:kjwistuqyr get task:{"sceneKey":"cgsmtstqcbwyajyyuivi","frame":0,"line":59}
[DEBUG]	2022-02-04 17:54:10.836	ControlCalculate	Client:kjwistuqyr post resultat
[DEBUG]	2022-02-04 17:54:10.854	ControlCalculate	Client:kjwistuqyr get task:{"sceneKey":"cgsmtstqcbwyajyyuivi","frame":0,"line":60}
[DEBUG]	2022-02-04 17:54:10.889	ControlCalculate	Client:kjwistuqyr post resultat
[DEBUG]	2022-02-04 17:54:10.906	ControlCalculate	Client:kjwistuqyr get task:{"sceneKey":"cgsmtstqcbwyajyyuivi","frame":0,"line":61}
[DEBUG]	2022-02-04 17:54:10.938	ControlCalculate	Client:kjwistuqyr post resultat
[DEBUG]	2022-02-04 17:54:10.957	ControlCalculate	Client:kjwistuqyr get task:{"sceneKey":"cgsmtstqcbwyajyyuivi","frame":0,"line":62}
[DEBUG]	2022-02-04 17:54:11.004	ControlCalculate	Client:kjwistuqyr post resultat
[DEBUG]	2022-02-04 17:54:11.021	ControlCalculate	Client:kjwistuqyr get task:{"sceneKey":"cgsmtstqcbwyajyyuivi","frame":0,"line":63}
[DEBUG]	2022-02-04 17:54:11.055	ControlCalculate	Client:kjwistuqyr post resultat
[DEBUG]	2022-02-04 17:54:11.071	ControlCalculate	Client:kjwistuqyr get task:{"sceneKey":"cgsmtstqcbwyajyyuivi","frame":0,"line":64}
[DEBUG]	2022-02-04 17:54:11.105	ControlCalculate	Client:kjwistuqyr post resultat
[DEBUG]	2022-02-04 17:54:11.120	ControlCalculate	Client:kjwistuqyr get task:{"sceneKey":"cgsmtstqcbwyajyyuivi","frame":0,"line":65}
[DEBUG]	2022-02-04 17:54:11.155	ControlCalculate	Client:kjwistuqyr post resultat
[DEBUG]	2022-02-04 17:54:11.179	ControlCalculate	Client:kjwistuqyr get task:{"sceneKey":"cgsmtstqcbwyajyyuivi","frame":0,"line":66}
[DEBUG]	2022-02-04 17:54:11.222	ControlCalculate	Client:kjwistuqyr post resultat
[DEBUG]	2022-02-04 17:54:11.238	ControlCalculate	Client:kjwistuqyr get task:{"sceneKey":"cgsmtstqcbwyajyyuivi","frame":0,"line":67}
[DEBUG]	2022-02-04 17:54:11.260	ControlCalculate	Client:kjwistuqyr post resultat
[DEBUG]	2022-02-04 17:54:11.288	ControlCalculate	Client:kjwistuqyr get task:{"sceneKey":"cgsmtstqcbwyajyyuivi","frame":0,"line":68}
[DEBUG]	2022-02-04 17:54:11.307	ControlCalculate	Client:kjwistuqyr post resultat
[DEBUG]	2022-02-04 17:54:11.320	ControlCalculate	Client:kjwistuqyr get task:{"sceneKey":"cgsmtstqcbwyajyyuivi","frame":0,"line":69}
[DEBUG]	2022-02-04 17:54:11.342	ControlCalculate	Client:kjwistuqyr post resultat
[DEBUG]	2022-02-04 17:54:11.354	ControlCalculate	Client:kjwistuqyr get task:{"sceneKey":"cgsmtstqcbwyajyyuivi","frame":0,"line":70}
[DEBUG]	2022-02-04 17:54:11.375	ControlCalculate	Client:kjwistuqyr post resultat
[DEBUG]	2022-02-04 17:54:11.389	ControlCalculate	Client:kjwistuqyr get task:{"sceneKey":"cgsmtstqcbwyajyyuivi","frame":0,"line":71}
[DEBUG]	2022-02-04 17:54:11.409	ControlCalculate	Client:kjwistuqyr post resultat
[DEBUG]	2022-02-04 17:54:11.421	ControlCalculate	Client:kjwistuqyr get task:{"sceneKey":"cgsmtstqcbwyajyyuivi","frame":0,"line":72}
[DEBUG]	2022-02-04 17:54:11.442	ControlCalculate	Client:kjwistuqyr post resultat
[DEBUG]	2022-02-04 17:54:11.455	ControlCalculate	Client:kjwistuqyr get task:{"sceneKey":"cgsmtstqcbwyajyyuivi","frame":0,"line":73}
[DEBUG]	2022-02-04 17:54:11.475	ControlCalculate	Client:kjwistuqyr post resultat
[DEBUG]	2022-02-04 17:54:11.489	ControlCalculate	Client:kjwistuqyr get task:{"sceneKey":"cgsmtstqcbwyajyyuivi","frame":0,"line":74}
[DEBUG]	2022-02-04 17:54:11.509	ControlCalculate	Client:kjwistuqyr post resultat
[DEBUG]	2022-02-04 17:54:11.520	ControlCalculate	Client:kjwistuqyr get task:{"sceneKey":"cgsmtstqcbwyajyyuivi","frame":0,"line":75}
[DEBUG]	2022-02-04 17:54:11.541	ControlCalculate	Client:kjwistuqyr post resultat
[DEBUG]	2022-02-04 17:54:11.554	ControlCalculate	Client:kjwistuqyr get task:{"sceneKey":"cgsmtstqcbwyajyyuivi","frame":0,"line":76}
[DEBUG]	2022-02-04 17:54:11.573	ControlCalculate	Client:kjwistuqyr post resultat
[DEBUG]	2022-02-04 17:54:11.587	ControlCalculate	Client:kjwistuqyr get task:{"sceneKey":"cgsmtstqcbwyajyyuivi","frame":0,"line":77}
[DEBUG]	2022-02-04 17:54:11.609	ControlCalculate	Client:kjwistuqyr post resultat
[DEBUG]	2022-02-04 17:54:11.620	ControlCalculate	Client:kjwistuqyr get task:{"sceneKey":"cgsmtstqcbwyajyyuivi","frame":0,"line":78}
[DEBUG]	2022-02-04 17:54:11.656	ControlCalculate	Client:kjwistuqyr post resultat
[DEBUG]	2022-02-04 17:54:11.672	ControlCalculate	Client:kjwistuqyr get task:{"sceneKey":"cgsmtstqcbwyajyyuivi","frame":0,"line":79}
[DEBUG]	2022-02-04 17:54:11.692	ControlCalculate	Client:kjwistuqyr post resultat
[DEBUG]	2022-02-04 17:54:11.705	ControlCalculate	Client:kjwistuqyr get task:{"sceneKey":"cgsmtstqcbwyajyyuivi","frame":0,"line":80}
[DEBUG]	2022-02-04 17:54:11.724	ControlCalculate	Client:kjwistuqyr post resultat
[DEBUG]	2022-02-04 17:54:11.738	ControlCalculate	Client:kjwistuqyr get task:{"sceneKey":"cgsmtstqcbwyajyyuivi","frame":0,"line":81}
[DEBUG]	2022-02-04 17:54:11.759	ControlCalculate	Client:kjwistuqyr post resultat
[DEBUG]	2022-02-04 17:54:11.790	ControlCalculate	Client:kjwistuqyr get task:{"sceneKey":"cgsmtstqcbwyajyyuivi","frame":0,"line":82}
[DEBUG]	2022-02-04 17:54:11.805	ControlCalculate	Client:kjwistuqyr post resultat
[DEBUG]	2022-02-04 17:54:11.836	ControlCalculate	Client:kjwistuqyr get task:{"sceneKey":"cgsmtstqcbwyajyyuivi","frame":0,"line":83}
[DEBUG]	2022-02-04 17:54:11.859	ControlCalculate	Client:kjwistuqyr post resultat
[DEBUG]	2022-02-04 17:54:11.872	ControlCalculate	Client:kjwistuqyr get task:{"sceneKey":"cgsmtstqcbwyajyyuivi","frame":0,"line":84}
[DEBUG]	2022-02-04 17:54:11.889	ControlCalculate	Client:kjwistuqyr post resultat
[DEBUG]	2022-02-04 17:54:11.919	ControlCalculate	Client:kjwistuqyr get task:{"sceneKey":"cgsmtstqcbwyajyyuivi","frame":0,"line":85}
[DEBUG]	2022-02-04 17:54:11.940	ControlCalculate	Client:kjwistuqyr post resultat
[DEBUG]	2022-02-04 17:54:11.954	ControlCalculate	Client:kjwistuqyr get task:{"sceneKey":"cgsmtstqcbwyajyyuivi","frame":0,"line":86}
[DEBUG]	2022-02-04 17:54:11.973	ControlCalculate	Client:kjwistuqyr post resultat
[DEBUG]	2022-02-04 17:54:11.988	ControlCalculate	Client:kjwistuqyr get task:{"sceneKey":"cgsmtstqcbwyajyyuivi","frame":0,"line":87}
[DEBUG]	2022-02-04 17:54:12.008	ControlCalculate	Client:kjwistuqyr post resultat
[DEBUG]	2022-02-04 17:54:12.020	ControlCalculate	Client:kjwistuqyr get task:{"sceneKey":"cgsmtstqcbwyajyyuivi","frame":0,"line":88}
[DEBUG]	2022-02-04 17:54:12.040	ControlCalculate	Client:kjwistuqyr post resultat
[DEBUG]	2022-02-04 17:54:12.055	ControlCalculate	Client:kjwistuqyr get task:{"sceneKey":"cgsmtstqcbwyajyyuivi","frame":0,"line":89}
[DEBUG]	2022-02-04 17:54:12.075	ControlCalculate	Client:kjwistuqyr post resultat
[DEBUG]	2022-02-04 17:54:12.104	ControlCalculate	Client:kjwistuqyr get task:{"sceneKey":"cgsmtstqcbwyajyyuivi","frame":0,"line":90}
[DEBUG]	2022-02-04 17:54:12.125	ControlCalculate	Client:kjwistuqyr post resultat
[DEBUG]	2022-02-04 17:54:12.139	ControlCalculate	Client:kjwistuqyr get task:{"sceneKey":"cgsmtstqcbwyajyyuivi","frame":0,"line":91}
[DEBUG]	2022-02-04 17:54:12.159	ControlCalculate	Client:kjwistuqyr post resultat
[DEBUG]	2022-02-04 17:54:12.170	ControlCalculate	Client:kjwistuqyr get task:{"sceneKey":"cgsmtstqcbwyajyyuivi","frame":0,"line":92}
[DEBUG]	2022-02-04 17:54:12.190	ControlCalculate	Client:kjwistuqyr post resultat
[DEBUG]	2022-02-04 17:54:12.204	ControlCalculate	Client:kjwistuqyr get task:{"sceneKey":"cgsmtstqcbwyajyyuivi","frame":0,"line":93}
[DEBUG]	2022-02-04 17:54:12.224	ControlCalculate	Client:kjwistuqyr post resultat
[DEBUG]	2022-02-04 17:54:12.286	ControlCalculate	Client:kjwistuqyr get task:{"sceneKey":"cgsmtstqcbwyajyyuivi","frame":0,"line":94}
[DEBUG]	2022-02-04 17:54:12.308	ControlCalculate	Client:kjwistuqyr post resultat
[DEBUG]	2022-02-04 17:54:12.338	ControlCalculate	Client:kjwistuqyr get task:{"sceneKey":"cgsmtstqcbwyajyyuivi","frame":0,"line":95}
[DEBUG]	2022-02-04 17:54:12.358	ControlCalculate	Client:kjwistuqyr post resultat
[DEBUG]	2022-02-04 17:54:12.372	ControlCalculate	Client:kjwistuqyr get task:{"sceneKey":"cgsmtstqcbwyajyyuivi","frame":0,"line":96}
[DEBUG]	2022-02-04 17:54:12.441	ControlCalculate	Client:kjwistuqyr post resultat
[DEBUG]	2022-02-04 17:54:12.451	ControlCalculate	Client:kjwistuqyr get task:{"sceneKey":"cgsmtstqcbwyajyyuivi","frame":0,"line":97}
[DEBUG]	2022-02-04 17:54:12.475	ControlCalculate	Client:kjwistuqyr post resultat
[DEBUG]	2022-02-04 17:54:12.490	ControlCalculate	Client:kjwistuqyr get task:{"sceneKey":"cgsmtstqcbwyajyyuivi","frame":0,"line":98}
[DEBUG]	2022-02-04 17:54:12.508	ControlCalculate	Client:kjwistuqyr post resultat
[DEBUG]	2022-02-04 17:54:12.536	ControlCalculate	Client:kjwistuqyr get task:{"sceneKey":"cgsmtstqcbwyajyyuivi","frame":0,"line":99}
[DEBUG]	2022-02-04 17:54:12.558	ControlCalculate	Client:kjwistuqyr post resultat
[DEBUG]	2022-02-04 17:54:12.573	ControlCalculate	Client:kjwistuqyr get task:{"sceneKey":"cgsmtstqcbwyajyyuivi","frame":0,"line":100}
[DEBUG]	2022-02-04 17:54:12.592	ControlCalculate	Client:kjwistuqyr post resultat
[DEBUG]	2022-02-04 17:54:12.619	ControlCalculate	Client:kjwistuqyr get task:{"sceneKey":"cgsmtstqcbwyajyyuivi","frame":0,"line":101}
[DEBUG]	2022-02-04 17:54:12.641	ControlCalculate	Client:kjwistuqyr post resultat
[DEBUG]	2022-02-04 17:54:12.656	ControlCalculate	Client:kjwistuqyr get task:{"sceneKey":"cgsmtstqcbwyajyyuivi","frame":0,"line":102}
[DEBUG]	2022-02-04 17:54:12.674	ControlCalculate	Client:kjwistuqyr post resultat
[DEBUG]	2022-02-04 17:54:12.703	ControlCalculate	Client:kjwistuqyr get task:{"sceneKey":"cgsmtstqcbwyajyyuivi","frame":0,"line":103}
[DEBUG]	2022-02-04 17:54:12.725	ControlCalculate	Client:kjwistuqyr post resultat
[DEBUG]	2022-02-04 17:54:12.741	ControlCalculate	Client:kjwistuqyr get task:{"sceneKey":"cgsmtstqcbwyajyyuivi","frame":0,"line":104}
[DEBUG]	2022-02-04 17:54:12.758	ControlCalculate	Client:kjwistuqyr post resultat
[DEBUG]	2022-02-04 17:54:12.786	ControlCalculate	Client:kjwistuqyr get task:{"sceneKey":"cgsmtstqcbwyajyyuivi","frame":0,"line":105}
[DEBUG]	2022-02-04 17:54:12.808	ControlCalculate	Client:kjwistuqyr post resultat
[DEBUG]	2022-02-04 17:54:12.823	ControlCalculate	Client:kjwistuqyr get task:{"sceneKey":"cgsmtstqcbwyajyyuivi","frame":0,"line":106}
[DEBUG]	2022-02-04 17:54:12.841	ControlCalculate	Client:kjwistuqyr post resultat
[DEBUG]	2022-02-04 17:54:12.869	ControlCalculate	Client:kjwistuqyr get task:{"sceneKey":"cgsmtstqcbwyajyyuivi","frame":0,"line":107}
[DEBUG]	2022-02-04 17:54:12.891	ControlCalculate	Client:kjwistuqyr post resultat
[DEBUG]	2022-02-04 17:54:12.908	ControlCalculate	Client:kjwistuqyr get task:{"sceneKey":"cgsmtstqcbwyajyyuivi","frame":0,"line":108}
[DEBUG]	2022-02-04 17:54:12.924	ControlCalculate	Client:kjwistuqyr post resultat
[DEBUG]	2022-02-04 17:54:12.953	ControlCalculate	Client:kjwistuqyr get task:{"sceneKey":"cgsmtstqcbwyajyyuivi","frame":0,"line":109}
[DEBUG]	2022-02-04 17:54:12.975	ControlCalculate	Client:kjwistuqyr post resultat
[DEBUG]	2022-02-04 17:54:12.989	ControlCalculate	Client:kjwistuqyr get task:{"sceneKey":"cgsmtstqcbwyajyyuivi","frame":0,"line":110}
[DEBUG]	2022-02-04 17:54:13.008	ControlCalculate	Client:kjwistuqyr post resultat
[DEBUG]	2022-02-04 17:54:13.036	ControlCalculate	Client:kjwistuqyr get task:{"sceneKey":"cgsmtstqcbwyajyyuivi","frame":0,"line":111}
[DEBUG]	2022-02-04 17:54:13.058	ControlCalculate	Client:kjwistuqyr post resultat
[DEBUG]	2022-02-04 17:54:13.072	ControlCalculate	Client:kjwistuqyr get task:{"sceneKey":"cgsmtstqcbwyajyyuivi","frame":0,"line":112}
[DEBUG]	2022-02-04 17:54:13.092	ControlCalculate	Client:kjwistuqyr post resultat
[DEBUG]	2022-02-04 17:54:13.107	ControlCalculate	Client:kjwistuqyr get task:{"sceneKey":"cgsmtstqcbwyajyyuivi","frame":0,"line":113}
[DEBUG]	2022-02-04 17:54:13.125	ControlCalculate	Client:kjwistuqyr post resultat
[DEBUG]	2022-02-04 17:54:13.155	ControlCalculate	Client:kjwistuqyr get task:{"sceneKey":"cgsmtstqcbwyajyyuivi","frame":0,"line":114}
[DEBUG]	2022-02-04 17:54:13.172	ControlCalculate	Client:kjwistuqyr post resultat
[DEBUG]	2022-02-04 17:54:13.203	ControlCalculate	Client:kjwistuqyr get task:{"sceneKey":"cgsmtstqcbwyajyyuivi","frame":0,"line":115}
[DEBUG]	2022-02-04 17:54:13.224	ControlCalculate	Client:kjwistuqyr post resultat
[DEBUG]	2022-02-04 17:54:13.239	ControlCalculate	Client:kjwistuqyr get task:{"sceneKey":"cgsmtstqcbwyajyyuivi","frame":0,"line":116}
[DEBUG]	2022-02-04 17:54:13.257	ControlCalculate	Client:kjwistuqyr post resultat
[DEBUG]	2022-02-04 17:54:13.286	ControlCalculate	Client:kjwistuqyr get task:{"sceneKey":"cgsmtstqcbwyajyyuivi","frame":0,"line":117}
[DEBUG]	2022-02-04 17:54:13.308	ControlCalculate	Client:kjwistuqyr post resultat
[DEBUG]	2022-02-04 17:54:13.324	ControlCalculate	Client:kjwistuqyr get task:{"sceneKey":"cgsmtstqcbwyajyyuivi","frame":0,"line":118}
[DEBUG]	2022-02-04 17:54:13.343	ControlCalculate	Client:kjwistuqyr post resultat
[DEBUG]	2022-02-04 17:54:13.377	ControlCalculate	Client:kjwistuqyr get task:{"sceneKey":"cgsmtstqcbwyajyyuivi","frame":0,"line":119}
[DEBUG]	2022-02-04 17:54:13.409	ControlCalculate	Client:kjwistuqyr post resultat
[DEBUG]	2022-02-04 17:54:13.421	ControlCalculate	Client:kjwistuqyr get task:{"sceneKey":"cgsmtstqcbwyajyyuivi","frame":0,"line":120}
[DEBUG]	2022-02-04 17:54:13.439	ControlCalculate	Client:kjwistuqyr post resultat
[DEBUG]	2022-02-04 17:54:13.470	ControlCalculate	Client:kjwistuqyr get task:{"sceneKey":"cgsmtstqcbwyajyyuivi","frame":0,"line":121}
[DEBUG]	2022-02-04 17:54:13.492	ControlCalculate	Client:kjwistuqyr post resultat
[DEBUG]	2022-02-04 17:54:13.520	ControlCalculate	Client:kjwistuqyr get task:{"sceneKey":"cgsmtstqcbwyajyyuivi","frame":0,"line":122}
[DEBUG]	2022-02-04 17:54:13.542	ControlCalculate	Client:kjwistuqyr post resultat
[DEBUG]	2022-02-04 17:54:13.560	ControlCalculate	Client:kjwistuqyr get task:{"sceneKey":"cgsmtstqcbwyajyyuivi","frame":0,"line":123}
[DEBUG]	2022-02-04 17:54:13.591	ControlCalculate	Client:kjwistuqyr post resultat
[DEBUG]	2022-02-04 17:54:13.605	ControlCalculate	Client:kjwistuqyr get task:{"sceneKey":"cgsmtstqcbwyajyyuivi","frame":0,"line":124}
[DEBUG]	2022-02-04 17:54:13.622	ControlCalculate	Client:kjwistuqyr post resultat
[DEBUG]	2022-02-04 17:54:13.653	ControlCalculate	Client:kjwistuqyr get task:{"sceneKey":"cgsmtstqcbwyajyyuivi","frame":0,"line":125}
[DEBUG]	2022-02-04 17:54:13.672	ControlCalculate	Client:kjwistuqyr post resultat
[DEBUG]	2022-02-04 17:54:13.703	ControlCalculate	Client:kjwistuqyr get task:{"sceneKey":"cgsmtstqcbwyajyyuivi","frame":0,"line":126}
[DEBUG]	2022-02-04 17:54:13.724	ControlCalculate	Client:kjwistuqyr post resultat
[DEBUG]	2022-02-04 17:54:13.739	ControlCalculate	Client:kjwistuqyr get task:{"sceneKey":"cgsmtstqcbwyajyyuivi","frame":0,"line":127}
[DEBUG]	2022-02-04 17:54:13.757	ControlCalculate	Client:kjwistuqyr post resultat
[DEBUG]	2022-02-04 17:54:13.786	ControlCalculate	Client:kjwistuqyr get task:{"sceneKey":"cgsmtstqcbwyajyyuivi","frame":0,"line":128}
[DEBUG]	2022-02-04 17:54:13.808	ControlCalculate	Client:kjwistuqyr post resultat
[DEBUG]	2022-02-04 17:54:13.823	ControlCalculate	Client:kjwistuqyr get task:{"sceneKey":"cgsmtstqcbwyajyyuivi","frame":0,"line":129}
[DEBUG]	2022-02-04 17:54:13.841	ControlCalculate	Client:kjwistuqyr post resultat
[DEBUG]	2022-02-04 17:54:13.870	ControlCalculate	Client:kjwistuqyr get task:{"sceneKey":"cgsmtstqcbwyajyyuivi","frame":0,"line":130}
[DEBUG]	2022-02-04 17:54:13.891	ControlCalculate	Client:kjwistuqyr post resultat
[DEBUG]	2022-02-04 17:54:13.906	ControlCalculate	Client:kjwistuqyr get task:{"sceneKey":"cgsmtstqcbwyajyyuivi","frame":0,"line":131}
[DEBUG]	2022-02-04 17:54:13.923	ControlCalculate	Client:kjwistuqyr post resultat
[DEBUG]	2022-02-04 17:54:13.954	ControlCalculate	Client:kjwistuqyr get task:{"sceneKey":"cgsmtstqcbwyajyyuivi","frame":0,"line":132}
[DEBUG]	2022-02-04 17:54:13.974	ControlCalculate	Client:kjwistuqyr post resultat
[DEBUG]	2022-02-04 17:54:13.990	ControlCalculate	Client:kjwistuqyr get task:{"sceneKey":"cgsmtstqcbwyajyyuivi","frame":0,"line":133}
[DEBUG]	2022-02-04 17:54:14.009	ControlCalculate	Client:kjwistuqyr post resultat
[DEBUG]	2022-02-04 17:54:14.037	ControlCalculate	Client:kjwistuqyr get task:{"sceneKey":"cgsmtstqcbwyajyyuivi","frame":0,"line":134}
[DEBUG]	2022-02-04 17:54:14.054	ControlCalculate	Client:kjwistuqyr post resultat
[DEBUG]	2022-02-04 17:54:14.086	ControlCalculate	Client:kjwistuqyr get task:{"sceneKey":"cgsmtstqcbwyajyyuivi","frame":0,"line":135}
[DEBUG]	2022-02-04 17:54:14.107	ControlCalculate	Client:kjwistuqyr post resultat
[DEBUG]	2022-02-04 17:54:14.121	ControlCalculate	Client:kjwistuqyr get task:{"sceneKey":"cgsmtstqcbwyajyyuivi","frame":0,"line":136}
[DEBUG]	2022-02-04 17:54:14.141	ControlCalculate	Client:kjwistuqyr post resultat
[DEBUG]	2022-02-04 17:54:14.155	ControlCalculate	Client:kjwistuqyr get task:{"sceneKey":"cgsmtstqcbwyajyyuivi","frame":0,"line":137}
[DEBUG]	2022-02-04 17:54:14.172	ControlCalculate	Client:kjwistuqyr post resultat
[DEBUG]	2022-02-04 17:54:14.204	ControlCalculate	Client:kjwistuqyr get task:{"sceneKey":"cgsmtstqcbwyajyyuivi","frame":0,"line":138}
[DEBUG]	2022-02-04 17:54:14.225	ControlCalculate	Client:kjwistuqyr post resultat
[DEBUG]	2022-02-04 17:54:14.242	ControlCalculate	Client:kjwistuqyr get task:{"sceneKey":"cgsmtstqcbwyajyyuivi","frame":0,"line":139}
[DEBUG]	2022-02-04 17:54:14.266	ControlCalculate	Client:kjwistuqyr post resultat
[DEBUG]	2022-02-04 17:54:14.289	ControlCalculate	Client:kjwistuqyr get task:{"sceneKey":"cgsmtstqcbwyajyyuivi","frame":0,"line":140}
[DEBUG]	2022-02-04 17:54:14.305	ControlCalculate	Client:kjwistuqyr post resultat
[DEBUG]	2022-02-04 17:54:14.336	ControlCalculate	Client:kjwistuqyr get task:{"sceneKey":"cgsmtstqcbwyajyyuivi","frame":0,"line":141}
[DEBUG]	2022-02-04 17:54:14.356	ControlCalculate	Client:kjwistuqyr post resultat
[DEBUG]	2022-02-04 17:54:14.371	ControlCalculate	Client:kjwistuqyr get task:{"sceneKey":"cgsmtstqcbwyajyyuivi","frame":0,"line":142}
[DEBUG]	2022-02-04 17:54:14.390	ControlCalculate	Client:kjwistuqyr post resultat
[DEBUG]	2022-02-04 17:54:14.420	ControlCalculate	Client:kjwistuqyr get task:{"sceneKey":"cgsmtstqcbwyajyyuivi","frame":0,"line":143}
[DEBUG]	2022-02-04 17:54:14.441	ControlCalculate	Client:kjwistuqyr post resultat
[DEBUG]	2022-02-04 17:54:14.456	ControlCalculate	Client:kjwistuqyr get task:{"sceneKey":"cgsmtstqcbwyajyyuivi","frame":0,"line":144}
[DEBUG]	2022-02-04 17:54:14.474	ControlCalculate	Client:kjwistuqyr post resultat
[DEBUG]	2022-02-04 17:54:14.502	ControlCalculate	Client:kjwistuqyr get task:{"sceneKey":"cgsmtstqcbwyajyyuivi","frame":0,"line":145}
[DEBUG]	2022-02-04 17:54:14.526	ControlCalculate	Client:kjwistuqyr post resultat
[DEBUG]	2022-02-04 17:54:14.540	ControlCalculate	Client:kjwistuqyr get task:{"sceneKey":"cgsmtstqcbwyajyyuivi","frame":0,"line":146}
[DEBUG]	2022-02-04 17:54:14.559	ControlCalculate	Client:kjwistuqyr post resultat
[DEBUG]	2022-02-04 17:54:14.587	ControlCalculate	Client:kjwistuqyr get task:{"sceneKey":"cgsmtstqcbwyajyyuivi","frame":0,"line":147}
[DEBUG]	2022-02-04 17:54:14.605	ControlCalculate	Client:kjwistuqyr post resultat
[DEBUG]	2022-02-04 17:54:14.638	ControlCalculate	Client:kjwistuqyr get task:{"sceneKey":"cgsmtstqcbwyajyyuivi","frame":0,"line":148}
[DEBUG]	2022-02-04 17:54:14.658	ControlCalculate	Client:kjwistuqyr post resultat
[DEBUG]	2022-02-04 17:54:14.674	ControlCalculate	Client:kjwistuqyr get task:{"sceneKey":"cgsmtstqcbwyajyyuivi","frame":0,"line":149}
[DEBUG]	2022-02-04 17:54:14.693	ControlCalculate	Client:kjwistuqyr post resultat
[DEBUG]	2022-02-04 17:54:14.723	ControlCalculate	Client:kjwistuqyr get task:{"sceneKey":"cgsmtstqcbwyajyyuivi","frame":0,"line":150}
[DEBUG]	2022-02-04 17:54:14.741	ControlCalculate	Client:kjwistuqyr post resultat
[DEBUG]	2022-02-04 17:54:14.769	ControlCalculate	Client:kjwistuqyr get task:{"sceneKey":"cgsmtstqcbwyajyyuivi","frame":0,"line":151}
[DEBUG]	2022-02-04 17:54:14.790	ControlCalculate	Client:kjwistuqyr post resultat
[DEBUG]	2022-02-04 17:54:14.805	ControlCalculate	Client:kjwistuqyr get task:{"sceneKey":"cgsmtstqcbwyajyyuivi","frame":0,"line":152}
[DEBUG]	2022-02-04 17:54:14.825	ControlCalculate	Client:kjwistuqyr post resultat
[DEBUG]	2022-02-04 17:54:14.852	ControlCalculate	Client:kjwistuqyr get task:{"sceneKey":"cgsmtstqcbwyajyyuivi","frame":0,"line":153}
[DEBUG]	2022-02-04 17:54:14.874	ControlCalculate	Client:kjwistuqyr post resultat
[DEBUG]	2022-02-04 17:54:14.892	ControlCalculate	Client:kjwistuqyr get task:{"sceneKey":"cgsmtstqcbwyajyyuivi","frame":0,"line":154}
[DEBUG]	2022-02-04 17:54:14.908	ControlCalculate	Client:kjwistuqyr post resultat
[DEBUG]	2022-02-04 17:54:14.936	ControlCalculate	Client:kjwistuqyr get task:{"sceneKey":"cgsmtstqcbwyajyyuivi","frame":0,"line":155}
[DEBUG]	2022-02-04 17:54:14.957	ControlCalculate	Client:kjwistuqyr post resultat
[DEBUG]	2022-02-04 17:54:14.972	ControlCalculate	Client:kjwistuqyr get task:{"sceneKey":"cgsmtstqcbwyajyyuivi","frame":0,"line":156}
[DEBUG]	2022-02-04 17:54:14.992	ControlCalculate	Client:kjwistuqyr post resultat
[DEBUG]	2022-02-04 17:54:15.005	ControlCalculate	Client:kjwistuqyr get task:{"sceneKey":"cgsmtstqcbwyajyyuivi","frame":0,"line":157}
[DEBUG]	2022-02-04 17:54:15.021	ControlCalculate	Client:kjwistuqyr post resultat
[DEBUG]	2022-02-04 17:54:15.052	ControlCalculate	Client:kjwistuqyr get task:{"sceneKey":"cgsmtstqcbwyajyyuivi","frame":0,"line":158}
[DEBUG]	2022-02-04 17:54:15.075	ControlCalculate	Client:kjwistuqyr post resultat
[DEBUG]	2022-02-04 17:54:15.091	ControlCalculate	Client:kjwistuqyr get task:{"sceneKey":"cgsmtstqcbwyajyyuivi","frame":0,"line":159}
[DEBUG]	2022-02-04 17:54:15.107	ControlCalculate	Client:kjwistuqyr post resultat
[DEBUG]	2022-02-04 17:54:15.136	ControlCalculate	Client:kjwistuqyr get task:{"sceneKey":"cgsmtstqcbwyajyyuivi","frame":0,"line":160}
[DEBUG]	2022-02-04 17:54:15.158	ControlCalculate	Client:kjwistuqyr post resultat
[DEBUG]	2022-02-04 17:54:15.172	ControlCalculate	Client:kjwistuqyr get task:{"sceneKey":"cgsmtstqcbwyajyyuivi","frame":0,"line":161}
[DEBUG]	2022-02-04 17:54:15.189	ControlCalculate	Client:kjwistuqyr post resultat
[DEBUG]	2022-02-04 17:54:15.219	ControlCalculate	Client:kjwistuqyr get task:{"sceneKey":"cgsmtstqcbwyajyyuivi","frame":0,"line":162}
[DEBUG]	2022-02-04 17:54:15.239	ControlCalculate	Client:kjwistuqyr post resultat
[DEBUG]	2022-02-04 17:54:15.257	ControlCalculate	Client:kjwistuqyr get task:{"sceneKey":"cgsmtstqcbwyajyyuivi","frame":0,"line":163}
[DEBUG]	2022-02-04 17:54:15.273	ControlCalculate	Client:kjwistuqyr post resultat
[DEBUG]	2022-02-04 17:54:15.302	ControlCalculate	Client:kjwistuqyr get task:{"sceneKey":"cgsmtstqcbwyajyyuivi","frame":0,"line":164}
[DEBUG]	2022-02-04 17:54:15.324	ControlCalculate	Client:kjwistuqyr post resultat
[DEBUG]	2022-02-04 17:54:15.338	ControlCalculate	Client:kjwistuqyr get task:{"sceneKey":"cgsmtstqcbwyajyyuivi","frame":0,"line":165}
[DEBUG]	2022-02-04 17:54:15.358	ControlCalculate	Client:kjwistuqyr post resultat
[DEBUG]	2022-02-04 17:54:15.386	ControlCalculate	Client:kjwistuqyr get task:{"sceneKey":"cgsmtstqcbwyajyyuivi","frame":0,"line":166}
[DEBUG]	2022-02-04 17:54:15.407	ControlCalculate	Client:kjwistuqyr post resultat
[DEBUG]	2022-02-04 17:54:15.422	ControlCalculate	Client:kjwistuqyr get task:{"sceneKey":"cgsmtstqcbwyajyyuivi","frame":0,"line":167}
[DEBUG]	2022-02-04 17:54:15.438	ControlCalculate	Client:kjwistuqyr post resultat
[DEBUG]	2022-02-04 17:54:15.469	ControlCalculate	Client:kjwistuqyr get task:{"sceneKey":"cgsmtstqcbwyajyyuivi","frame":0,"line":168}
[DEBUG]	2022-02-04 17:54:15.490	ControlCalculate	Client:kjwistuqyr post resultat
[DEBUG]	2022-02-04 17:54:15.504	ControlCalculate	Client:kjwistuqyr get task:{"sceneKey":"cgsmtstqcbwyajyyuivi","frame":0,"line":169}
[DEBUG]	2022-02-04 17:54:15.521	ControlCalculate	Client:kjwistuqyr post resultat
[DEBUG]	2022-02-04 17:54:15.553	ControlCalculate	Client:kjwistuqyr get task:{"sceneKey":"cgsmtstqcbwyajyyuivi","frame":0,"line":170}
[DEBUG]	2022-02-04 17:54:15.574	ControlCalculate	Client:kjwistuqyr post resultat
[DEBUG]	2022-02-04 17:54:15.590	ControlCalculate	Client:kjwistuqyr get task:{"sceneKey":"cgsmtstqcbwyajyyuivi","frame":0,"line":171}
[DEBUG]	2022-02-04 17:54:15.608	ControlCalculate	Client:kjwistuqyr post resultat
[DEBUG]	2022-02-04 17:54:15.637	ControlCalculate	Client:kjwistuqyr get task:{"sceneKey":"cgsmtstqcbwyajyyuivi","frame":0,"line":172}
[DEBUG]	2022-02-04 17:54:15.656	ControlCalculate	Client:kjwistuqyr post resultat
[DEBUG]	2022-02-04 17:54:15.672	ControlCalculate	Client:kjwistuqyr get task:{"sceneKey":"cgsmtstqcbwyajyyuivi","frame":0,"line":173}
[DEBUG]	2022-02-04 17:54:15.691	ControlCalculate	Client:kjwistuqyr post resultat
[DEBUG]	2022-02-04 17:54:15.704	ControlCalculate	Client:kjwistuqyr get task:{"sceneKey":"cgsmtstqcbwyajyyuivi","frame":0,"line":174}
[DEBUG]	2022-02-04 17:54:15.724	ControlCalculate	Client:kjwistuqyr post resultat
[DEBUG]	2022-02-04 17:54:15.751	ControlCalculate	Client:kjwistuqyr get task:{"sceneKey":"cgsmtstqcbwyajyyuivi","frame":0,"line":175}
[DEBUG]	2022-02-04 17:54:15.780	ControlCalculate	Client:kjwistuqyr post resultat
[DEBUG]	2022-02-04 17:54:15.807	ControlCalculate	Client:kjwistuqyr get task:{"sceneKey":"cgsmtstqcbwyajyyuivi","frame":0,"line":176}
[DEBUG]	2022-02-04 17:54:15.824	ControlCalculate	Client:kjwistuqyr post resultat
[DEBUG]	2022-02-04 17:54:15.853	ControlCalculate	Client:kjwistuqyr get task:{"sceneKey":"cgsmtstqcbwyajyyuivi","frame":0,"line":177}
[DEBUG]	2022-02-04 17:54:15.871	ControlCalculate	Client:kjwistuqyr post resultat
[DEBUG]	2022-02-04 17:54:15.902	ControlCalculate	Client:kjwistuqyr get task:{"sceneKey":"cgsmtstqcbwyajyyuivi","frame":0,"line":178}
[DEBUG]	2022-02-04 17:54:15.922	ControlCalculate	Client:kjwistuqyr post resultat
[DEBUG]	2022-02-04 17:54:15.941	ControlCalculate	Client:kjwistuqyr get task:{"sceneKey":"cgsmtstqcbwyajyyuivi","frame":0,"line":179}
[DEBUG]	2022-02-04 17:54:15.957	ControlCalculate	Client:kjwistuqyr post resultat
[DEBUG]	2022-02-04 17:54:15.985	ControlCalculate	Client:kjwistuqyr get task:{"sceneKey":"cgsmtstqcbwyajyyuivi","frame":0,"line":180}
[DEBUG]	2022-02-04 17:54:16.007	ControlCalculate	Client:kjwistuqyr post resultat
[DEBUG]	2022-02-04 17:54:16.022	ControlCalculate	Client:kjwistuqyr get task:{"sceneKey":"cgsmtstqcbwyajyyuivi","frame":0,"line":181}
[DEBUG]	2022-02-04 17:54:16.038	ControlCalculate	Client:kjwistuqyr post resultat
[DEBUG]	2022-02-04 17:54:16.068	ControlCalculate	Client:kjwistuqyr get task:{"sceneKey":"cgsmtstqcbwyajyyuivi","frame":0,"line":182}
[DEBUG]	2022-02-04 17:54:16.091	ControlCalculate	Client:kjwistuqyr post resultat
[DEBUG]	2022-02-04 17:54:16.105	ControlCalculate	Client:kjwistuqyr get task:{"sceneKey":"cgsmtstqcbwyajyyuivi","frame":0,"line":183}
[DEBUG]	2022-02-04 17:54:16.122	ControlCalculate	Client:kjwistuqyr post resultat
[DEBUG]	2022-02-04 17:54:16.154	ControlCalculate	Client:kjwistuqyr get task:{"sceneKey":"cgsmtstqcbwyajyyuivi","frame":0,"line":184}
[DEBUG]	2022-02-04 17:54:16.174	ControlCalculate	Client:kjwistuqyr post resultat
[DEBUG]	2022-02-04 17:54:16.191	ControlCalculate	Client:kjwistuqyr get task:{"sceneKey":"cgsmtstqcbwyajyyuivi","frame":0,"line":185}
[DEBUG]	2022-02-04 17:54:16.209	ControlCalculate	Client:kjwistuqyr post resultat
[DEBUG]	2022-02-04 17:54:16.239	ControlCalculate	Client:kjwistuqyr get task:{"sceneKey":"cgsmtstqcbwyajyyuivi","frame":0,"line":186}
[DEBUG]	2022-02-04 17:54:16.256	ControlCalculate	Client:kjwistuqyr post resultat
[DEBUG]	2022-02-04 17:54:16.286	ControlCalculate	Client:kjwistuqyr get task:{"sceneKey":"cgsmtstqcbwyajyyuivi","frame":0,"line":187}
[DEBUG]	2022-02-04 17:54:16.307	ControlCalculate	Client:kjwistuqyr post resultat
[DEBUG]	2022-02-04 17:54:16.322	ControlCalculate	Client:kjwistuqyr get task:{"sceneKey":"cgsmtstqcbwyajyyuivi","frame":0,"line":188}
[DEBUG]	2022-02-04 17:54:16.338	ControlCalculate	Client:kjwistuqyr post resultat
[DEBUG]	2022-02-04 17:54:16.380	ControlCalculate	Client:kjwistuqyr get task:{"sceneKey":"cgsmtstqcbwyajyyuivi","frame":0,"line":189}
[DEBUG]	2022-02-04 17:54:16.409	ControlCalculate	Client:kjwistuqyr post resultat
[DEBUG]	2022-02-04 17:54:16.439	ControlCalculate	Client:kjwistuqyr get task:{"sceneKey":"cgsmtstqcbwyajyyuivi","frame":0,"line":190}
[DEBUG]	2022-02-04 17:54:16.457	ControlCalculate	Client:kjwistuqyr post resultat
[DEBUG]	2022-02-04 17:54:16.486	ControlCalculate	Client:kjwistuqyr get task:{"sceneKey":"cgsmtstqcbwyajyyuivi","frame":0,"line":191}
[DEBUG]	2022-02-04 17:54:16.506	ControlCalculate	Client:kjwistuqyr post resultat
[DEBUG]	2022-02-04 17:54:16.522	ControlCalculate	Client:kjwistuqyr get task:{"sceneKey":"cgsmtstqcbwyajyyuivi","frame":0,"line":192}
[DEBUG]	2022-02-04 17:54:16.537	ControlCalculate	Client:kjwistuqyr post resultat
[DEBUG]	2022-02-04 17:54:16.569	ControlCalculate	Client:kjwistuqyr get task:{"sceneKey":"cgsmtstqcbwyajyyuivi","frame":0,"line":193}
[DEBUG]	2022-02-04 17:54:16.591	ControlCalculate	Client:kjwistuqyr post resultat
[DEBUG]	2022-02-04 17:54:16.608	ControlCalculate	Client:kjwistuqyr get task:{"sceneKey":"cgsmtstqcbwyajyyuivi","frame":0,"line":194}
[DEBUG]	2022-02-04 17:54:16.626	ControlCalculate	Client:kjwistuqyr post resultat
[DEBUG]	2022-02-04 17:54:16.654	ControlCalculate	Client:kjwistuqyr get task:{"sceneKey":"cgsmtstqcbwyajyyuivi","frame":0,"line":195}
[DEBUG]	2022-02-04 17:54:16.671	ControlCalculate	Client:kjwistuqyr post resultat
[DEBUG]	2022-02-04 17:54:16.701	ControlCalculate	Client:kjwistuqyr get task:{"sceneKey":"cgsmtstqcbwyajyyuivi","frame":0,"line":196}
[DEBUG]	2022-02-04 17:54:16.723	ControlCalculate	Client:kjwistuqyr post resultat
[DEBUG]	2022-02-04 17:54:16.739	ControlCalculate	Client:kjwistuqyr get task:{"sceneKey":"cgsmtstqcbwyajyyuivi","frame":0,"line":197}
[DEBUG]	2022-02-04 17:54:16.756	ControlCalculate	Client:kjwistuqyr post resultat
[DEBUG]	2022-02-04 17:54:16.785	ControlCalculate	Client:kjwistuqyr get task:{"sceneKey":"cgsmtstqcbwyajyyuivi","frame":0,"line":198}
[DEBUG]	2022-02-04 17:54:16.808	ControlCalculate	Client:kjwistuqyr post resultat
[DEBUG]	2022-02-04 17:54:16.824	ControlCalculate	Client:kjwistuqyr get task:{"sceneKey":"cgsmtstqcbwyajyyuivi","frame":0,"line":199}
[DEBUG]	2022-02-04 17:54:16.842	ControlCalculate	Client:kjwistuqyr post resultat
[DEBUG]	2022-02-04 17:54:16.870	ControlCalculate	Client:kjwistuqyr get task:{"sceneKey":"cgsmtstqcbwyajyyuivi","frame":0,"line":200}
[DEBUG]	2022-02-04 17:54:16.891	ControlCalculate	Client:kjwistuqyr post resultat
[DEBUG]	2022-02-04 17:54:16.905	ControlCalculate	Client:kjwistuqyr get task:{"sceneKey":"cgsmtstqcbwyajyyuivi","frame":0,"line":201}
[DEBUG]	2022-02-04 17:54:16.922	ControlCalculate	Client:kjwistuqyr post resultat
[DEBUG]	2022-02-04 17:54:16.953	ControlCalculate	Client:kjwistuqyr get task:{"sceneKey":"cgsmtstqcbwyajyyuivi","frame":0,"line":202}
[DEBUG]	2022-02-04 17:54:16.973	ControlCalculate	Client:kjwistuqyr post resultat
[DEBUG]	2022-02-04 17:54:16.989	ControlCalculate	Client:kjwistuqyr get task:{"sceneKey":"cgsmtstqcbwyajyyuivi","frame":0,"line":203}
[DEBUG]	2022-02-04 17:54:17.004	ControlCalculate	Client:kjwistuqyr post resultat
[DEBUG]	2022-02-04 17:54:17.036	ControlCalculate	Client:kjwistuqyr get task:{"sceneKey":"cgsmtstqcbwyajyyuivi","frame":0,"line":204}
[DEBUG]	2022-02-04 17:54:17.057	ControlCalculate	Client:kjwistuqyr post resultat
[DEBUG]	2022-02-04 17:54:17.073	ControlCalculate	Client:kjwistuqyr get task:{"sceneKey":"cgsmtstqcbwyajyyuivi","frame":0,"line":205}
[DEBUG]	2022-02-04 17:54:17.091	ControlCalculate	Client:kjwistuqyr post resultat
[DEBUG]	2022-02-04 17:54:17.120	ControlCalculate	Client:kjwistuqyr get task:{"sceneKey":"cgsmtstqcbwyajyyuivi","frame":0,"line":206}
[DEBUG]	2022-02-04 17:54:17.140	ControlCalculate	Client:kjwistuqyr post resultat
[DEBUG]	2022-02-04 17:54:17.157	ControlCalculate	Client:kjwistuqyr get task:{"sceneKey":"cgsmtstqcbwyajyyuivi","frame":0,"line":207}
[DEBUG]	2022-02-04 17:54:17.177	ControlCalculate	Client:kjwistuqyr post resultat
[DEBUG]	2022-02-04 17:54:17.205	ControlCalculate	Client:kjwistuqyr get task:{"sceneKey":"cgsmtstqcbwyajyyuivi","frame":0,"line":208}
[DEBUG]	2022-02-04 17:54:17.223	ControlCalculate	Client:kjwistuqyr post resultat
[DEBUG]	2022-02-04 17:54:17.252	ControlCalculate	Client:kjwistuqyr get task:{"sceneKey":"cgsmtstqcbwyajyyuivi","frame":0,"line":209}
[DEBUG]	2022-02-04 17:54:17.271	ControlCalculate	Client:kjwistuqyr post resultat
[INFO]	2022-02-04 17:54:17.294	ControlClient	Client kjwistuqyr leave from calculation
[WARN]	2022-02-04 17:54:18.448	ControlCalculate	Wrong user gets task
[DEBUG]	2022-02-04 17:54:18.680	ControlServer	Client kjwistuqyr ask server status...
[INFO]	2022-02-04 17:57:43.606	App	Start service
[INFO]	2022-02-04 17:59:00.085	App	Start service
[INFO]	2022-02-04 18:01:05.029	App	Start service
[DEBUG]	2022-02-04 18:01:21.232	ControlServer	Client kjwistuqyr ask server status...
[INFO]	2022-02-04 18:02:06.495	App	Start service
[DEBUG]	2022-02-04 18:02:14.739	ControlServer	Client kjwistuqyr ask server status...
[DEBUG]	2022-02-04 18:02:39.725	ControlServer	Client kjwistuqyr ask server status...
[DEBUG]	2022-02-04 18:03:04.727	ControlServer	Client kjwistuqyr ask server status...
[INFO]	2022-02-04 18:03:27.920	App	Start service
[DEBUG]	2022-02-04 18:03:29.752	ControlServer	Client kjwistuqyr ask server status...
[DEBUG]	2022-02-04 18:03:32.731	ControlServer	Client kjwistuqyr ask server status...
[DEBUG]	2022-02-04 18:04:05.308	ControlServer	Client kjwistuqyr ask server status...
[INFO]	2022-02-04 18:05:59.062	App	Start service
[INFO]	2022-02-04 19:43:46.729	App	Start service
[INFO]	2022-02-04 19:44:37.280	App	Start service
